  game.cpp
D:\Programacion\DESARROLLO-1\2021\Flappy-Bird\FlappyBird_Pierpaoli\game.cpp(105,35): warning C4244: '=': conversión de 'int' a 'float'; posible pérdida de datos
D:\Programacion\DESARROLLO-1\2021\Flappy-Bird\FlappyBird_Pierpaoli\game.cpp(106,34): warning C4244: '=': conversión de 'int' a 'float'; posible pérdida de datos
D:\Programacion\DESARROLLO-1\2021\Flappy-Bird\FlappyBird_Pierpaoli\game.cpp(115,41): warning C4244: '=': conversión de 'int' a 'float'; posible pérdida de datos
D:\Programacion\DESARROLLO-1\2021\Flappy-Bird\FlappyBird_Pierpaoli\game.cpp(116,42): warning C4244: '=': conversión de 'int' a 'float'; posible pérdida de datos
D:\Programacion\DESARROLLO-1\2021\Flappy-Bird\FlappyBird_Pierpaoli\game.cpp(119,42): warning C4244: '=': conversión de 'int' a 'float'; posible pérdida de datos
D:\Programacion\DESARROLLO-1\2021\Flappy-Bird\FlappyBird_Pierpaoli\game.cpp(123,42): warning C4244: '=': conversión de 'int' a 'float'; posible pérdida de datos
D:\Programacion\DESARROLLO-1\2021\Flappy-Bird\FlappyBird_Pierpaoli\game.cpp(124,43): warning C4244: '=': conversión de 'double' a 'float'; posible pérdida de datos
D:\Programacion\DESARROLLO-1\2021\Flappy-Bird\FlappyBird_Pierpaoli\game.cpp(127,42): warning C4244: '=': conversión de 'int' a 'float'; posible pérdida de datos
D:\Programacion\DESARROLLO-1\2021\Flappy-Bird\FlappyBird_Pierpaoli\game.cpp(133,47): warning C4244: '=': conversión de 'int' a 'float'; posible pérdida de datos
D:\Programacion\DESARROLLO-1\2021\Flappy-Bird\FlappyBird_Pierpaoli\game.cpp(134,46): warning C4244: '=': conversión de 'int' a 'float'; posible pérdida de datos
D:\Programacion\DESARROLLO-1\2021\Flappy-Bird\FlappyBird_Pierpaoli\game.cpp(137,47): warning C4244: '=': conversión de 'int' a 'float'; posible pérdida de datos
D:\Programacion\DESARROLLO-1\2021\Flappy-Bird\FlappyBird_Pierpaoli\game.cpp(138,46): warning C4244: '=': conversión de 'int' a 'float'; posible pérdida de datos
D:\Programacion\DESARROLLO-1\2021\Flappy-Bird\FlappyBird_Pierpaoli\game.cpp(145,43): warning C4244: '=': conversión de 'int' a 'float'; posible pérdida de datos
D:\Programacion\DESARROLLO-1\2021\Flappy-Bird\FlappyBird_Pierpaoli\game.cpp(146,43): warning C4244: '=': conversión de 'int' a 'float'; posible pérdida de datos
D:\Programacion\DESARROLLO-1\2021\Flappy-Bird\FlappyBird_Pierpaoli\game.cpp(148,36): warning C4244: '=': conversión de 'double' a 'float'; posible pérdida de datos
D:\Programacion\DESARROLLO-1\2021\Flappy-Bird\FlappyBird_Pierpaoli\game.cpp(150,21): warning C4244: '=': conversión de 'float' a 'int'; posible pérdida de datos
D:\Programacion\DESARROLLO-1\2021\Flappy-Bird\FlappyBird_Pierpaoli\game.cpp(154,46): warning C4244: '=': conversión de 'int' a 'float'; posible pérdida de datos
D:\Programacion\DESARROLLO-1\2021\Flappy-Bird\FlappyBird_Pierpaoli\game.cpp(158,47): warning C4244: '=': conversión de 'int' a 'float'; posible pérdida de datos
D:\Programacion\DESARROLLO-1\2021\Flappy-Bird\FlappyBird_Pierpaoli\game.cpp(169,25): warning C4244: '=': conversión de 'int' a 'float'; posible pérdida de datos
D:\Programacion\DESARROLLO-1\2021\Flappy-Bird\FlappyBird_Pierpaoli\game.cpp(177,41): warning C4244: '=': conversión de 'int' a 'float'; posible pérdida de datos
D:\Programacion\DESARROLLO-1\2021\Flappy-Bird\FlappyBird_Pierpaoli\game.cpp(302,42): warning C4244: '=': conversión de 'int' a 'float'; posible pérdida de datos
D:\Programacion\DESARROLLO-1\2021\Flappy-Bird\FlappyBird_Pierpaoli\game.cpp(308,58): warning C4244: 'argumento': conversión de 'int' a 'float'; posible pérdida de datos
D:\Programacion\DESARROLLO-1\2021\Flappy-Bird\FlappyBird_Pierpaoli\game.cpp(347,42): warning C4244: '=': conversión de 'int' a 'float'; posible pérdida de datos
D:\Programacion\DESARROLLO-1\2021\Flappy-Bird\FlappyBird_Pierpaoli\game.cpp(356,43): warning C4244: '=': conversión de 'int' a 'float'; posible pérdida de datos
D:\Programacion\DESARROLLO-1\2021\Flappy-Bird\FlappyBird_Pierpaoli\game.cpp(376,60): warning C4244: 'argumento': conversión de 'int' a 'float'; posible pérdida de datos
D:\Programacion\DESARROLLO-1\2021\Flappy-Bird\FlappyBird_Pierpaoli\game.cpp(414,80): warning C4244: 'argumento': conversión de 'float' a 'int'; posible pérdida de datos
D:\Programacion\DESARROLLO-1\2021\Flappy-Bird\FlappyBird_Pierpaoli\game.cpp(414,45): warning C4244: 'argumento': conversión de 'float' a 'int'; posible pérdida de datos
D:\Programacion\DESARROLLO-1\2021\Flappy-Bird\FlappyBird_Pierpaoli\game.cpp(418,100): warning C4244: 'argumento': conversión de 'float' a 'int'; posible pérdida de datos
D:\Programacion\DESARROLLO-1\2021\Flappy-Bird\FlappyBird_Pierpaoli\game.cpp(418,76): warning C4244: 'argumento': conversión de 'float' a 'int'; posible pérdida de datos
D:\Programacion\DESARROLLO-1\2021\Flappy-Bird\FlappyBird_Pierpaoli\game.cpp(418,56): warning C4244: 'argumento': conversión de 'float' a 'int'; posible pérdida de datos
D:\Programacion\DESARROLLO-1\2021\Flappy-Bird\FlappyBird_Pierpaoli\game.cpp(418,36): warning C4244: 'argumento': conversión de 'float' a 'int'; posible pérdida de datos
D:\Programacion\DESARROLLO-1\2021\Flappy-Bird\FlappyBird_Pierpaoli\game.cpp(419,116): warning C4244: 'argumento': conversión de 'float' a 'int'; posible pérdida de datos
D:\Programacion\DESARROLLO-1\2021\Flappy-Bird\FlappyBird_Pierpaoli\game.cpp(419,88): warning C4244: 'argumento': conversión de 'float' a 'int'; posible pérdida de datos
D:\Programacion\DESARROLLO-1\2021\Flappy-Bird\FlappyBird_Pierpaoli\game.cpp(419,64): warning C4244: 'argumento': conversión de 'float' a 'int'; posible pérdida de datos
D:\Programacion\DESARROLLO-1\2021\Flappy-Bird\FlappyBird_Pierpaoli\game.cpp(419,40): warning C4244: 'argumento': conversión de 'float' a 'int'; posible pérdida de datos
D:\Programacion\DESARROLLO-1\2021\Flappy-Bird\FlappyBird_Pierpaoli\game.cpp(424,36): warning C4244: 'argumento': conversión de 'float' a 'int'; posible pérdida de datos
D:\Programacion\DESARROLLO-1\2021\Flappy-Bird\FlappyBird_Pierpaoli\game.cpp(424,21): warning C4244: 'argumento': conversión de 'float' a 'int'; posible pérdida de datos
D:\Programacion\DESARROLLO-1\2021\Flappy-Bird\FlappyBird_Pierpaoli\game.cpp(430,37): warning C4244: 'argumento': conversión de 'float' a 'int'; posible pérdida de datos
D:\Programacion\DESARROLLO-1\2021\Flappy-Bird\FlappyBird_Pierpaoli\game.cpp(430,21): warning C4244: 'argumento': conversión de 'float' a 'int'; posible pérdida de datos
D:\Programacion\DESARROLLO-1\2021\Flappy-Bird\FlappyBird_Pierpaoli\game.cpp(431,37): warning C4244: 'argumento': conversión de 'float' a 'int'; posible pérdida de datos
D:\Programacion\DESARROLLO-1\2021\Flappy-Bird\FlappyBird_Pierpaoli\game.cpp(431,21): warning C4244: 'argumento': conversión de 'float' a 'int'; posible pérdida de datos
D:\Programacion\DESARROLLO-1\2021\Flappy-Bird\FlappyBird_Pierpaoli\game.cpp(432,37): warning C4244: 'argumento': conversión de 'float' a 'int'; posible pérdida de datos
D:\Programacion\DESARROLLO-1\2021\Flappy-Bird\FlappyBird_Pierpaoli\game.cpp(432,21): warning C4244: 'argumento': conversión de 'float' a 'int'; posible pérdida de datos
D:\Programacion\DESARROLLO-1\2021\Flappy-Bird\FlappyBird_Pierpaoli\game.cpp(462,77): warning C4244: 'argumento': conversión de 'float' a 'int'; posible pérdida de datos
D:\Programacion\DESARROLLO-1\2021\Flappy-Bird\FlappyBird_Pierpaoli\game.cpp(462,44): warning C4244: 'argumento': conversión de 'float' a 'int'; posible pérdida de datos
D:\Programacion\DESARROLLO-1\2021\Flappy-Bird\FlappyBird_Pierpaoli\game.cpp(463,83): warning C4244: 'argumento': conversión de 'float' a 'int'; posible pérdida de datos
D:\Programacion\DESARROLLO-1\2021\Flappy-Bird\FlappyBird_Pierpaoli\game.cpp(463,46): warning C4244: 'argumento': conversión de 'float' a 'int'; posible pérdida de datos
D:\Programacion\DESARROLLO-1\2021\Flappy-Bird\FlappyBird_Pierpaoli\game.cpp(469,100): warning C4244: 'argumento': conversión de 'float' a 'int'; posible pérdida de datos
D:\Programacion\DESARROLLO-1\2021\Flappy-Bird\FlappyBird_Pierpaoli\game.cpp(469,76): warning C4244: 'argumento': conversión de 'float' a 'int'; posible pérdida de datos
D:\Programacion\DESARROLLO-1\2021\Flappy-Bird\FlappyBird_Pierpaoli\game.cpp(469,56): warning C4244: 'argumento': conversión de 'float' a 'int'; posible pérdida de datos
D:\Programacion\DESARROLLO-1\2021\Flappy-Bird\FlappyBird_Pierpaoli\game.cpp(469,36): warning C4244: 'argumento': conversión de 'float' a 'int'; posible pérdida de datos
D:\Programacion\DESARROLLO-1\2021\Flappy-Bird\FlappyBird_Pierpaoli\game.cpp(470,116): warning C4244: 'argumento': conversión de 'float' a 'int'; posible pérdida de datos
D:\Programacion\DESARROLLO-1\2021\Flappy-Bird\FlappyBird_Pierpaoli\game.cpp(470,88): warning C4244: 'argumento': conversión de 'float' a 'int'; posible pérdida de datos
D:\Programacion\DESARROLLO-1\2021\Flappy-Bird\FlappyBird_Pierpaoli\game.cpp(470,64): warning C4244: 'argumento': conversión de 'float' a 'int'; posible pérdida de datos
D:\Programacion\DESARROLLO-1\2021\Flappy-Bird\FlappyBird_Pierpaoli\game.cpp(470,40): warning C4244: 'argumento': conversión de 'float' a 'int'; posible pérdida de datos
D:\Programacion\DESARROLLO-1\2021\Flappy-Bird\FlappyBird_Pierpaoli\game.cpp(475,36): warning C4244: 'argumento': conversión de 'float' a 'int'; posible pérdida de datos
D:\Programacion\DESARROLLO-1\2021\Flappy-Bird\FlappyBird_Pierpaoli\game.cpp(475,21): warning C4244: 'argumento': conversión de 'float' a 'int'; posible pérdida de datos
D:\Programacion\DESARROLLO-1\2021\Flappy-Bird\FlappyBird_Pierpaoli\game.cpp(481,37): warning C4244: 'argumento': conversión de 'float' a 'int'; posible pérdida de datos
D:\Programacion\DESARROLLO-1\2021\Flappy-Bird\FlappyBird_Pierpaoli\game.cpp(481,21): warning C4244: 'argumento': conversión de 'float' a 'int'; posible pérdida de datos
D:\Programacion\DESARROLLO-1\2021\Flappy-Bird\FlappyBird_Pierpaoli\game.cpp(482,37): warning C4244: 'argumento': conversión de 'float' a 'int'; posible pérdida de datos
D:\Programacion\DESARROLLO-1\2021\Flappy-Bird\FlappyBird_Pierpaoli\game.cpp(482,21): warning C4244: 'argumento': conversión de 'float' a 'int'; posible pérdida de datos
D:\Programacion\DESARROLLO-1\2021\Flappy-Bird\FlappyBird_Pierpaoli\game.cpp(483,37): warning C4244: 'argumento': conversión de 'float' a 'int'; posible pérdida de datos
D:\Programacion\DESARROLLO-1\2021\Flappy-Bird\FlappyBird_Pierpaoli\game.cpp(483,21): warning C4244: 'argumento': conversión de 'float' a 'int'; posible pérdida de datos
  FlappyBird_Pierpaoli.vcxproj -> D:\Programacion\DESARROLLO-1\2021\Flappy-Bird\FlappyBird_Pierpaoli\bin\Win32\Debug\FlappyBird_Pierpaoli.exe
