  game.cpp
D:\Image Campus\Primer Año\Segundo Cuatrimestre\Desarrollo de videojuegos 1\FlappyBird_Pierpaoli_Matias\FlappyBird\game.cpp(60,47): warning C4244: '=': conversión de 'int' a 'float'; posible pérdida de datos
D:\Image Campus\Primer Año\Segundo Cuatrimestre\Desarrollo de videojuegos 1\FlappyBird_Pierpaoli_Matias\FlappyBird\game.cpp(61,46): warning C4244: '=': conversión de 'int' a 'float'; posible pérdida de datos
D:\Image Campus\Primer Año\Segundo Cuatrimestre\Desarrollo de videojuegos 1\FlappyBird_Pierpaoli_Matias\FlappyBird\game.cpp(64,47): warning C4244: '=': conversión de 'int' a 'float'; posible pérdida de datos
D:\Image Campus\Primer Año\Segundo Cuatrimestre\Desarrollo de videojuegos 1\FlappyBird_Pierpaoli_Matias\FlappyBird\game.cpp(65,46): warning C4244: '=': conversión de 'int' a 'float'; posible pérdida de datos
D:\Image Campus\Primer Año\Segundo Cuatrimestre\Desarrollo de videojuegos 1\FlappyBird_Pierpaoli_Matias\FlappyBird\game.cpp(68,21): warning C4244: '=': conversión de 'float' a 'int'; posible pérdida de datos
D:\Image Campus\Primer Año\Segundo Cuatrimestre\Desarrollo de videojuegos 1\FlappyBird_Pierpaoli_Matias\FlappyBird\game.cpp(72,46): warning C4244: '=': conversión de 'int' a 'float'; posible pérdida de datos
D:\Image Campus\Primer Año\Segundo Cuatrimestre\Desarrollo de videojuegos 1\FlappyBird_Pierpaoli_Matias\FlappyBird\game.cpp(76,25): warning C4244: '=': conversión de 'int' a 'float'; posible pérdida de datos
D:\Image Campus\Primer Año\Segundo Cuatrimestre\Desarrollo de videojuegos 1\FlappyBird_Pierpaoli_Matias\FlappyBird\game.cpp(77,21): warning C4244: '=': conversión de 'int' a 'float'; posible pérdida de datos
D:\Image Campus\Primer Año\Segundo Cuatrimestre\Desarrollo de videojuegos 1\FlappyBird_Pierpaoli_Matias\FlappyBird\game.cpp(156,38): warning C4244: '=': conversión de 'int' a 'float'; posible pérdida de datos
D:\Image Campus\Primer Año\Segundo Cuatrimestre\Desarrollo de videojuegos 1\FlappyBird_Pierpaoli_Matias\FlappyBird\game.cpp(157,24): warning C4244: '=': conversión de 'int' a 'float'; posible pérdida de datos
D:\Image Campus\Primer Año\Segundo Cuatrimestre\Desarrollo de videojuegos 1\FlappyBird_Pierpaoli_Matias\FlappyBird\game.cpp(159,39): warning C4244: '=': conversión de 'int' a 'float'; posible pérdida de datos
D:\Image Campus\Primer Año\Segundo Cuatrimestre\Desarrollo de videojuegos 1\FlappyBird_Pierpaoli_Matias\FlappyBird\game.cpp(160,43): warning C4244: '=': conversión de 'int' a 'float'; posible pérdida de datos
D:\Image Campus\Primer Año\Segundo Cuatrimestre\Desarrollo de videojuegos 1\FlappyBird_Pierpaoli_Matias\FlappyBird\game.cpp(166,58): warning C4244: 'argumento': conversión de 'int' a 'float'; posible pérdida de datos
D:\Image Campus\Primer Año\Segundo Cuatrimestre\Desarrollo de videojuegos 1\FlappyBird_Pierpaoli_Matias\FlappyBird\game.cpp(197,34): warning C4244: 'argumento': conversión de 'float' a 'int'; posible pérdida de datos
D:\Image Campus\Primer Año\Segundo Cuatrimestre\Desarrollo de videojuegos 1\FlappyBird_Pierpaoli_Matias\FlappyBird\game.cpp(197,19): warning C4244: 'argumento': conversión de 'float' a 'int'; posible pérdida de datos
D:\Image Campus\Primer Año\Segundo Cuatrimestre\Desarrollo de videojuegos 1\FlappyBird_Pierpaoli_Matias\FlappyBird\game.cpp(201,60): warning C4244: 'argumento': conversión de 'int' a 'float'; posible pérdida de datos
D:\Image Campus\Primer Año\Segundo Cuatrimestre\Desarrollo de videojuegos 1\FlappyBird_Pierpaoli_Matias\FlappyBird\game.cpp(201,50): warning C4244: 'argumento': conversión de 'float' a 'int'; posible pérdida de datos
D:\Image Campus\Primer Año\Segundo Cuatrimestre\Desarrollo de videojuegos 1\FlappyBird_Pierpaoli_Matias\FlappyBird\game.cpp(201,31): warning C4244: 'argumento': conversión de 'float' a 'int'; posible pérdida de datos
D:\Image Campus\Primer Año\Segundo Cuatrimestre\Desarrollo de videojuegos 1\FlappyBird_Pierpaoli_Matias\FlappyBird\game.cpp(205,84): warning C4244: 'argumento': conversión de 'float' a 'int'; posible pérdida de datos
D:\Image Campus\Primer Año\Segundo Cuatrimestre\Desarrollo de videojuegos 1\FlappyBird_Pierpaoli_Matias\FlappyBird\game.cpp(205,64): warning C4244: 'argumento': conversión de 'float' a 'int'; posible pérdida de datos
D:\Image Campus\Primer Año\Segundo Cuatrimestre\Desarrollo de videojuegos 1\FlappyBird_Pierpaoli_Matias\FlappyBird\game.cpp(205,48): warning C4244: 'argumento': conversión de 'float' a 'int'; posible pérdida de datos
D:\Image Campus\Primer Año\Segundo Cuatrimestre\Desarrollo de videojuegos 1\FlappyBird_Pierpaoli_Matias\FlappyBird\game.cpp(205,32): warning C4244: 'argumento': conversión de 'float' a 'int'; posible pérdida de datos
D:\Image Campus\Primer Año\Segundo Cuatrimestre\Desarrollo de videojuegos 1\FlappyBird_Pierpaoli_Matias\FlappyBird\game.cpp(206,112): warning C4244: 'argumento': conversión de 'float' a 'int'; posible pérdida de datos
D:\Image Campus\Primer Año\Segundo Cuatrimestre\Desarrollo de videojuegos 1\FlappyBird_Pierpaoli_Matias\FlappyBird\game.cpp(206,84): warning C4244: 'argumento': conversión de 'float' a 'int'; posible pérdida de datos
D:\Image Campus\Primer Año\Segundo Cuatrimestre\Desarrollo de videojuegos 1\FlappyBird_Pierpaoli_Matias\FlappyBird\game.cpp(206,60): warning C4244: 'argumento': conversión de 'float' a 'int'; posible pérdida de datos
D:\Image Campus\Primer Año\Segundo Cuatrimestre\Desarrollo de videojuegos 1\FlappyBird_Pierpaoli_Matias\FlappyBird\game.cpp(206,36): warning C4244: 'argumento': conversión de 'float' a 'int'; posible pérdida de datos
  FlappyBird.vcxproj -> D:\Image Campus\Primer Año\Segundo Cuatrimestre\Desarrollo de videojuegos 1\FlappyBird_Pierpaoli_Matias\\bin\Win32\Debug\FlappyBird.exe
