  game.cpp
E:\Users\Matias\Documents\Image Campus\Segundo Cuatrimestre\Practica Profesional I Desarrollo de Videojuegos I\FlappyBird_Pierpaoli_Matias\FlappyBird_Pierpaoli\game.cpp(100,35): warning C4244: '=': conversión de 'int' a 'float'; posible pérdida de datos
E:\Users\Matias\Documents\Image Campus\Segundo Cuatrimestre\Practica Profesional I Desarrollo de Videojuegos I\FlappyBird_Pierpaoli_Matias\FlappyBird_Pierpaoli\game.cpp(101,34): warning C4244: '=': conversión de 'int' a 'float'; posible pérdida de datos
E:\Users\Matias\Documents\Image Campus\Segundo Cuatrimestre\Practica Profesional I Desarrollo de Videojuegos I\FlappyBird_Pierpaoli_Matias\FlappyBird_Pierpaoli\game.cpp(110,41): warning C4244: '=': conversión de 'int' a 'float'; posible pérdida de datos
E:\Users\Matias\Documents\Image Campus\Segundo Cuatrimestre\Practica Profesional I Desarrollo de Videojuegos I\FlappyBird_Pierpaoli_Matias\FlappyBird_Pierpaoli\game.cpp(111,42): warning C4244: '=': conversión de 'int' a 'float'; posible pérdida de datos
E:\Users\Matias\Documents\Image Campus\Segundo Cuatrimestre\Practica Profesional I Desarrollo de Videojuegos I\FlappyBird_Pierpaoli_Matias\FlappyBird_Pierpaoli\game.cpp(114,42): warning C4244: '=': conversión de 'int' a 'float'; posible pérdida de datos
E:\Users\Matias\Documents\Image Campus\Segundo Cuatrimestre\Practica Profesional I Desarrollo de Videojuegos I\FlappyBird_Pierpaoli_Matias\FlappyBird_Pierpaoli\game.cpp(118,42): warning C4244: '=': conversión de 'int' a 'float'; posible pérdida de datos
E:\Users\Matias\Documents\Image Campus\Segundo Cuatrimestre\Practica Profesional I Desarrollo de Videojuegos I\FlappyBird_Pierpaoli_Matias\FlappyBird_Pierpaoli\game.cpp(119,43): warning C4244: '=': conversión de 'double' a 'float'; posible pérdida de datos
E:\Users\Matias\Documents\Image Campus\Segundo Cuatrimestre\Practica Profesional I Desarrollo de Videojuegos I\FlappyBird_Pierpaoli_Matias\FlappyBird_Pierpaoli\game.cpp(122,42): warning C4244: '=': conversión de 'int' a 'float'; posible pérdida de datos
E:\Users\Matias\Documents\Image Campus\Segundo Cuatrimestre\Practica Profesional I Desarrollo de Videojuegos I\FlappyBird_Pierpaoli_Matias\FlappyBird_Pierpaoli\game.cpp(128,47): warning C4244: '=': conversión de 'int' a 'float'; posible pérdida de datos
E:\Users\Matias\Documents\Image Campus\Segundo Cuatrimestre\Practica Profesional I Desarrollo de Videojuegos I\FlappyBird_Pierpaoli_Matias\FlappyBird_Pierpaoli\game.cpp(129,46): warning C4244: '=': conversión de 'int' a 'float'; posible pérdida de datos
E:\Users\Matias\Documents\Image Campus\Segundo Cuatrimestre\Practica Profesional I Desarrollo de Videojuegos I\FlappyBird_Pierpaoli_Matias\FlappyBird_Pierpaoli\game.cpp(132,47): warning C4244: '=': conversión de 'int' a 'float'; posible pérdida de datos
E:\Users\Matias\Documents\Image Campus\Segundo Cuatrimestre\Practica Profesional I Desarrollo de Videojuegos I\FlappyBird_Pierpaoli_Matias\FlappyBird_Pierpaoli\game.cpp(133,46): warning C4244: '=': conversión de 'int' a 'float'; posible pérdida de datos
E:\Users\Matias\Documents\Image Campus\Segundo Cuatrimestre\Practica Profesional I Desarrollo de Videojuegos I\FlappyBird_Pierpaoli_Matias\FlappyBird_Pierpaoli\game.cpp(140,43): warning C4244: '=': conversión de 'int' a 'float'; posible pérdida de datos
E:\Users\Matias\Documents\Image Campus\Segundo Cuatrimestre\Practica Profesional I Desarrollo de Videojuegos I\FlappyBird_Pierpaoli_Matias\FlappyBird_Pierpaoli\game.cpp(141,43): warning C4244: '=': conversión de 'int' a 'float'; posible pérdida de datos
E:\Users\Matias\Documents\Image Campus\Segundo Cuatrimestre\Practica Profesional I Desarrollo de Videojuegos I\FlappyBird_Pierpaoli_Matias\FlappyBird_Pierpaoli\game.cpp(143,36): warning C4244: '=': conversión de 'double' a 'float'; posible pérdida de datos
E:\Users\Matias\Documents\Image Campus\Segundo Cuatrimestre\Practica Profesional I Desarrollo de Videojuegos I\FlappyBird_Pierpaoli_Matias\FlappyBird_Pierpaoli\game.cpp(145,21): warning C4244: '=': conversión de 'float' a 'int'; posible pérdida de datos
E:\Users\Matias\Documents\Image Campus\Segundo Cuatrimestre\Practica Profesional I Desarrollo de Videojuegos I\FlappyBird_Pierpaoli_Matias\FlappyBird_Pierpaoli\game.cpp(149,46): warning C4244: '=': conversión de 'int' a 'float'; posible pérdida de datos
E:\Users\Matias\Documents\Image Campus\Segundo Cuatrimestre\Practica Profesional I Desarrollo de Videojuegos I\FlappyBird_Pierpaoli_Matias\FlappyBird_Pierpaoli\game.cpp(160,25): warning C4244: '=': conversión de 'int' a 'float'; posible pérdida de datos
E:\Users\Matias\Documents\Image Campus\Segundo Cuatrimestre\Practica Profesional I Desarrollo de Videojuegos I\FlappyBird_Pierpaoli_Matias\FlappyBird_Pierpaoli\game.cpp(168,41): warning C4244: '=': conversión de 'int' a 'float'; posible pérdida de datos
E:\Users\Matias\Documents\Image Campus\Segundo Cuatrimestre\Practica Profesional I Desarrollo de Videojuegos I\FlappyBird_Pierpaoli_Matias\FlappyBird_Pierpaoli\game.cpp(246,42): warning C4244: '=': conversión de 'int' a 'float'; posible pérdida de datos
E:\Users\Matias\Documents\Image Campus\Segundo Cuatrimestre\Practica Profesional I Desarrollo de Videojuegos I\FlappyBird_Pierpaoli_Matias\FlappyBird_Pierpaoli\game.cpp(252,58): warning C4244: 'argumento': conversión de 'int' a 'float'; posible pérdida de datos
E:\Users\Matias\Documents\Image Campus\Segundo Cuatrimestre\Practica Profesional I Desarrollo de Videojuegos I\FlappyBird_Pierpaoli_Matias\FlappyBird_Pierpaoli\game.cpp(282,60): warning C4244: 'argumento': conversión de 'int' a 'float'; posible pérdida de datos
E:\Users\Matias\Documents\Image Campus\Segundo Cuatrimestre\Practica Profesional I Desarrollo de Videojuegos I\FlappyBird_Pierpaoli_Matias\FlappyBird_Pierpaoli\game.cpp(282,50): warning C4244: 'argumento': conversión de 'float' a 'int'; posible pérdida de datos
E:\Users\Matias\Documents\Image Campus\Segundo Cuatrimestre\Practica Profesional I Desarrollo de Videojuegos I\FlappyBird_Pierpaoli_Matias\FlappyBird_Pierpaoli\game.cpp(282,31): warning C4244: 'argumento': conversión de 'float' a 'int'; posible pérdida de datos
E:\Users\Matias\Documents\Image Campus\Segundo Cuatrimestre\Practica Profesional I Desarrollo de Videojuegos I\FlappyBird_Pierpaoli_Matias\FlappyBird_Pierpaoli\game.cpp(288,100): warning C4244: 'argumento': conversión de 'float' a 'int'; posible pérdida de datos
E:\Users\Matias\Documents\Image Campus\Segundo Cuatrimestre\Practica Profesional I Desarrollo de Videojuegos I\FlappyBird_Pierpaoli_Matias\FlappyBird_Pierpaoli\game.cpp(288,76): warning C4244: 'argumento': conversión de 'float' a 'int'; posible pérdida de datos
E:\Users\Matias\Documents\Image Campus\Segundo Cuatrimestre\Practica Profesional I Desarrollo de Videojuegos I\FlappyBird_Pierpaoli_Matias\FlappyBird_Pierpaoli\game.cpp(288,56): warning C4244: 'argumento': conversión de 'float' a 'int'; posible pérdida de datos
E:\Users\Matias\Documents\Image Campus\Segundo Cuatrimestre\Practica Profesional I Desarrollo de Videojuegos I\FlappyBird_Pierpaoli_Matias\FlappyBird_Pierpaoli\game.cpp(288,36): warning C4244: 'argumento': conversión de 'float' a 'int'; posible pérdida de datos
E:\Users\Matias\Documents\Image Campus\Segundo Cuatrimestre\Practica Profesional I Desarrollo de Videojuegos I\FlappyBird_Pierpaoli_Matias\FlappyBird_Pierpaoli\game.cpp(289,116): warning C4244: 'argumento': conversión de 'float' a 'int'; posible pérdida de datos
E:\Users\Matias\Documents\Image Campus\Segundo Cuatrimestre\Practica Profesional I Desarrollo de Videojuegos I\FlappyBird_Pierpaoli_Matias\FlappyBird_Pierpaoli\game.cpp(289,88): warning C4244: 'argumento': conversión de 'float' a 'int'; posible pérdida de datos
E:\Users\Matias\Documents\Image Campus\Segundo Cuatrimestre\Practica Profesional I Desarrollo de Videojuegos I\FlappyBird_Pierpaoli_Matias\FlappyBird_Pierpaoli\game.cpp(289,64): warning C4244: 'argumento': conversión de 'float' a 'int'; posible pérdida de datos
E:\Users\Matias\Documents\Image Campus\Segundo Cuatrimestre\Practica Profesional I Desarrollo de Videojuegos I\FlappyBird_Pierpaoli_Matias\FlappyBird_Pierpaoli\game.cpp(289,40): warning C4244: 'argumento': conversión de 'float' a 'int'; posible pérdida de datos
E:\Users\Matias\Documents\Image Campus\Segundo Cuatrimestre\Practica Profesional I Desarrollo de Videojuegos I\FlappyBird_Pierpaoli_Matias\FlappyBird_Pierpaoli\game.cpp(294,36): warning C4244: 'argumento': conversión de 'float' a 'int'; posible pérdida de datos
E:\Users\Matias\Documents\Image Campus\Segundo Cuatrimestre\Practica Profesional I Desarrollo de Videojuegos I\FlappyBird_Pierpaoli_Matias\FlappyBird_Pierpaoli\game.cpp(294,21): warning C4244: 'argumento': conversión de 'float' a 'int'; posible pérdida de datos
E:\Users\Matias\Documents\Image Campus\Segundo Cuatrimestre\Practica Profesional I Desarrollo de Videojuegos I\FlappyBird_Pierpaoli_Matias\FlappyBird_Pierpaoli\game.cpp(300,37): warning C4244: 'argumento': conversión de 'float' a 'int'; posible pérdida de datos
E:\Users\Matias\Documents\Image Campus\Segundo Cuatrimestre\Practica Profesional I Desarrollo de Videojuegos I\FlappyBird_Pierpaoli_Matias\FlappyBird_Pierpaoli\game.cpp(300,21): warning C4244: 'argumento': conversión de 'float' a 'int'; posible pérdida de datos
E:\Users\Matias\Documents\Image Campus\Segundo Cuatrimestre\Practica Profesional I Desarrollo de Videojuegos I\FlappyBird_Pierpaoli_Matias\FlappyBird_Pierpaoli\game.cpp(301,37): warning C4244: 'argumento': conversión de 'float' a 'int'; posible pérdida de datos
E:\Users\Matias\Documents\Image Campus\Segundo Cuatrimestre\Practica Profesional I Desarrollo de Videojuegos I\FlappyBird_Pierpaoli_Matias\FlappyBird_Pierpaoli\game.cpp(301,21): warning C4244: 'argumento': conversión de 'float' a 'int'; posible pérdida de datos
E:\Users\Matias\Documents\Image Campus\Segundo Cuatrimestre\Practica Profesional I Desarrollo de Videojuegos I\FlappyBird_Pierpaoli_Matias\FlappyBird_Pierpaoli\game.cpp(302,37): warning C4244: 'argumento': conversión de 'float' a 'int'; posible pérdida de datos
E:\Users\Matias\Documents\Image Campus\Segundo Cuatrimestre\Practica Profesional I Desarrollo de Videojuegos I\FlappyBird_Pierpaoli_Matias\FlappyBird_Pierpaoli\game.cpp(302,21): warning C4244: 'argumento': conversión de 'float' a 'int'; posible pérdida de datos
  Generando código
  Previous IPDB and IOBJ mismatch, fall back to full compilation.
  All 20 functions were compiled because no usable IPDB/IOBJ from previous compilation was found.
  Generación de código finalizada
  FlappyBird_Pierpaoli.vcxproj -> E:\Users\Matias\Documents\Image Campus\Segundo Cuatrimestre\Practica Profesional I Desarrollo de Videojuegos I\FlappyBird_Pierpaoli_Matias\FlappyBird_Pierpaoli\bin\Win32\Release\FlappyBird_Pierpaoli.exe
