  app.cpp
E:\Users\Matias\Documents\Image Campus\Segundo Cuatrimestre\Practica Profesional I Desarrollo de Videojuegos I\FlappyBird_Pierpaoli_Matias\FlappyBird\app.cpp(85,13): warning C4244: 'argumento': conversión de 'time_t' a 'unsigned int'; posible pérdida de datos
  credits.cpp
E:\Users\Matias\Documents\Image Campus\Segundo Cuatrimestre\Practica Profesional I Desarrollo de Videojuegos I\FlappyBird_Pierpaoli_Matias\FlappyBird\credits.cpp(45,42): warning C4244: '=': conversión de 'float' a 'int'; posible pérdida de datos
E:\Users\Matias\Documents\Image Campus\Segundo Cuatrimestre\Practica Profesional I Desarrollo de Videojuegos I\FlappyBird_Pierpaoli_Matias\FlappyBird\credits.cpp(50,38): warning C4244: '=': conversión de 'double' a 'int'; posible pérdida de datos
E:\Users\Matias\Documents\Image Campus\Segundo Cuatrimestre\Practica Profesional I Desarrollo de Videojuegos I\FlappyBird_Pierpaoli_Matias\FlappyBird\credits.cpp(54,39): warning C4244: '=': conversión de 'double' a 'int'; posible pérdida de datos
E:\Users\Matias\Documents\Image Campus\Segundo Cuatrimestre\Practica Profesional I Desarrollo de Videojuegos I\FlappyBird_Pierpaoli_Matias\FlappyBird\credits.cpp(57,38): warning C4244: '=': conversión de 'double' a 'int'; posible pérdida de datos
E:\Users\Matias\Documents\Image Campus\Segundo Cuatrimestre\Practica Profesional I Desarrollo de Videojuegos I\FlappyBird_Pierpaoli_Matias\FlappyBird\credits.cpp(58,39): warning C4244: '=': conversión de 'double' a 'int'; posible pérdida de datos
E:\Users\Matias\Documents\Image Campus\Segundo Cuatrimestre\Practica Profesional I Desarrollo de Videojuegos I\FlappyBird_Pierpaoli_Matias\FlappyBird\credits.cpp(62,43): warning C4244: '=': conversión de 'int' a 'float'; posible pérdida de datos
E:\Users\Matias\Documents\Image Campus\Segundo Cuatrimestre\Practica Profesional I Desarrollo de Videojuegos I\FlappyBird_Pierpaoli_Matias\FlappyBird\credits.cpp(63,43): warning C4244: '=': conversión de 'int' a 'float'; posible pérdida de datos
E:\Users\Matias\Documents\Image Campus\Segundo Cuatrimestre\Practica Profesional I Desarrollo de Videojuegos I\FlappyBird_Pierpaoli_Matias\FlappyBird\credits.cpp(65,36): warning C4244: '=': conversión de 'double' a 'float'; posible pérdida de datos
  game.cpp
E:\Users\Matias\Documents\Image Campus\Segundo Cuatrimestre\Practica Profesional I Desarrollo de Videojuegos I\FlappyBird_Pierpaoli_Matias\FlappyBird\game.cpp(89,41): warning C4244: '=': conversión de 'int' a 'float'; posible pérdida de datos
E:\Users\Matias\Documents\Image Campus\Segundo Cuatrimestre\Practica Profesional I Desarrollo de Videojuegos I\FlappyBird_Pierpaoli_Matias\FlappyBird\game.cpp(90,42): warning C4244: '=': conversión de 'int' a 'float'; posible pérdida de datos
E:\Users\Matias\Documents\Image Campus\Segundo Cuatrimestre\Practica Profesional I Desarrollo de Videojuegos I\FlappyBird_Pierpaoli_Matias\FlappyBird\game.cpp(93,42): warning C4244: '=': conversión de 'int' a 'float'; posible pérdida de datos
E:\Users\Matias\Documents\Image Campus\Segundo Cuatrimestre\Practica Profesional I Desarrollo de Videojuegos I\FlappyBird_Pierpaoli_Matias\FlappyBird\game.cpp(97,42): warning C4244: '=': conversión de 'int' a 'float'; posible pérdida de datos
E:\Users\Matias\Documents\Image Campus\Segundo Cuatrimestre\Practica Profesional I Desarrollo de Videojuegos I\FlappyBird_Pierpaoli_Matias\FlappyBird\game.cpp(98,43): warning C4244: '=': conversión de 'double' a 'float'; posible pérdida de datos
E:\Users\Matias\Documents\Image Campus\Segundo Cuatrimestre\Practica Profesional I Desarrollo de Videojuegos I\FlappyBird_Pierpaoli_Matias\FlappyBird\game.cpp(101,42): warning C4244: '=': conversión de 'int' a 'float'; posible pérdida de datos
E:\Users\Matias\Documents\Image Campus\Segundo Cuatrimestre\Practica Profesional I Desarrollo de Videojuegos I\FlappyBird_Pierpaoli_Matias\FlappyBird\game.cpp(107,47): warning C4244: '=': conversión de 'int' a 'float'; posible pérdida de datos
E:\Users\Matias\Documents\Image Campus\Segundo Cuatrimestre\Practica Profesional I Desarrollo de Videojuegos I\FlappyBird_Pierpaoli_Matias\FlappyBird\game.cpp(108,46): warning C4244: '=': conversión de 'int' a 'float'; posible pérdida de datos
E:\Users\Matias\Documents\Image Campus\Segundo Cuatrimestre\Practica Profesional I Desarrollo de Videojuegos I\FlappyBird_Pierpaoli_Matias\FlappyBird\game.cpp(111,47): warning C4244: '=': conversión de 'int' a 'float'; posible pérdida de datos
E:\Users\Matias\Documents\Image Campus\Segundo Cuatrimestre\Practica Profesional I Desarrollo de Videojuegos I\FlappyBird_Pierpaoli_Matias\FlappyBird\game.cpp(112,46): warning C4244: '=': conversión de 'int' a 'float'; posible pérdida de datos
E:\Users\Matias\Documents\Image Campus\Segundo Cuatrimestre\Practica Profesional I Desarrollo de Videojuegos I\FlappyBird_Pierpaoli_Matias\FlappyBird\game.cpp(119,43): warning C4244: '=': conversión de 'int' a 'float'; posible pérdida de datos
E:\Users\Matias\Documents\Image Campus\Segundo Cuatrimestre\Practica Profesional I Desarrollo de Videojuegos I\FlappyBird_Pierpaoli_Matias\FlappyBird\game.cpp(120,43): warning C4244: '=': conversión de 'int' a 'float'; posible pérdida de datos
E:\Users\Matias\Documents\Image Campus\Segundo Cuatrimestre\Practica Profesional I Desarrollo de Videojuegos I\FlappyBird_Pierpaoli_Matias\FlappyBird\game.cpp(122,36): warning C4244: '=': conversión de 'double' a 'float'; posible pérdida de datos
E:\Users\Matias\Documents\Image Campus\Segundo Cuatrimestre\Practica Profesional I Desarrollo de Videojuegos I\FlappyBird_Pierpaoli_Matias\FlappyBird\game.cpp(124,21): warning C4244: '=': conversión de 'float' a 'int'; posible pérdida de datos
E:\Users\Matias\Documents\Image Campus\Segundo Cuatrimestre\Practica Profesional I Desarrollo de Videojuegos I\FlappyBird_Pierpaoli_Matias\FlappyBird\game.cpp(128,46): warning C4244: '=': conversión de 'int' a 'float'; posible pérdida de datos
E:\Users\Matias\Documents\Image Campus\Segundo Cuatrimestre\Practica Profesional I Desarrollo de Videojuegos I\FlappyBird_Pierpaoli_Matias\FlappyBird\game.cpp(197,58): warning C4244: 'argumento': conversión de 'int' a 'float'; posible pérdida de datos
E:\Users\Matias\Documents\Image Campus\Segundo Cuatrimestre\Practica Profesional I Desarrollo de Videojuegos I\FlappyBird_Pierpaoli_Matias\FlappyBird\game.cpp(223,60): warning C4244: 'argumento': conversión de 'int' a 'float'; posible pérdida de datos
E:\Users\Matias\Documents\Image Campus\Segundo Cuatrimestre\Practica Profesional I Desarrollo de Videojuegos I\FlappyBird_Pierpaoli_Matias\FlappyBird\game.cpp(223,50): warning C4244: 'argumento': conversión de 'float' a 'int'; posible pérdida de datos
E:\Users\Matias\Documents\Image Campus\Segundo Cuatrimestre\Practica Profesional I Desarrollo de Videojuegos I\FlappyBird_Pierpaoli_Matias\FlappyBird\game.cpp(223,31): warning C4244: 'argumento': conversión de 'float' a 'int'; posible pérdida de datos
E:\Users\Matias\Documents\Image Campus\Segundo Cuatrimestre\Practica Profesional I Desarrollo de Videojuegos I\FlappyBird_Pierpaoli_Matias\FlappyBird\game.cpp(226,83): warning C4244: 'argumento': conversión de 'float' a 'int'; posible pérdida de datos
E:\Users\Matias\Documents\Image Campus\Segundo Cuatrimestre\Practica Profesional I Desarrollo de Videojuegos I\FlappyBird_Pierpaoli_Matias\FlappyBird\game.cpp(226,63): warning C4244: 'argumento': conversión de 'float' a 'int'; posible pérdida de datos
E:\Users\Matias\Documents\Image Campus\Segundo Cuatrimestre\Practica Profesional I Desarrollo de Videojuegos I\FlappyBird_Pierpaoli_Matias\FlappyBird\game.cpp(226,47): warning C4244: 'argumento': conversión de 'float' a 'int'; posible pérdida de datos
E:\Users\Matias\Documents\Image Campus\Segundo Cuatrimestre\Practica Profesional I Desarrollo de Videojuegos I\FlappyBird_Pierpaoli_Matias\FlappyBird\game.cpp(226,31): warning C4244: 'argumento': conversión de 'float' a 'int'; posible pérdida de datos
E:\Users\Matias\Documents\Image Campus\Segundo Cuatrimestre\Practica Profesional I Desarrollo de Videojuegos I\FlappyBird_Pierpaoli_Matias\FlappyBird\game.cpp(227,83): warning C4244: 'argumento': conversión de 'float' a 'int'; posible pérdida de datos
E:\Users\Matias\Documents\Image Campus\Segundo Cuatrimestre\Practica Profesional I Desarrollo de Videojuegos I\FlappyBird_Pierpaoli_Matias\FlappyBird\game.cpp(227,63): warning C4244: 'argumento': conversión de 'float' a 'int'; posible pérdida de datos
E:\Users\Matias\Documents\Image Campus\Segundo Cuatrimestre\Practica Profesional I Desarrollo de Videojuegos I\FlappyBird_Pierpaoli_Matias\FlappyBird\game.cpp(227,47): warning C4244: 'argumento': conversión de 'float' a 'int'; posible pérdida de datos
E:\Users\Matias\Documents\Image Campus\Segundo Cuatrimestre\Practica Profesional I Desarrollo de Videojuegos I\FlappyBird_Pierpaoli_Matias\FlappyBird\game.cpp(227,31): warning C4244: 'argumento': conversión de 'float' a 'int'; posible pérdida de datos
E:\Users\Matias\Documents\Image Campus\Segundo Cuatrimestre\Practica Profesional I Desarrollo de Videojuegos I\FlappyBird_Pierpaoli_Matias\FlappyBird\game.cpp(231,36): warning C4244: 'argumento': conversión de 'float' a 'int'; posible pérdida de datos
E:\Users\Matias\Documents\Image Campus\Segundo Cuatrimestre\Practica Profesional I Desarrollo de Videojuegos I\FlappyBird_Pierpaoli_Matias\FlappyBird\game.cpp(231,21): warning C4244: 'argumento': conversión de 'float' a 'int'; posible pérdida de datos
E:\Users\Matias\Documents\Image Campus\Segundo Cuatrimestre\Practica Profesional I Desarrollo de Videojuegos I\FlappyBird_Pierpaoli_Matias\FlappyBird\game.cpp(237,37): warning C4244: 'argumento': conversión de 'float' a 'int'; posible pérdida de datos
E:\Users\Matias\Documents\Image Campus\Segundo Cuatrimestre\Practica Profesional I Desarrollo de Videojuegos I\FlappyBird_Pierpaoli_Matias\FlappyBird\game.cpp(237,21): warning C4244: 'argumento': conversión de 'float' a 'int'; posible pérdida de datos
E:\Users\Matias\Documents\Image Campus\Segundo Cuatrimestre\Practica Profesional I Desarrollo de Videojuegos I\FlappyBird_Pierpaoli_Matias\FlappyBird\game.cpp(238,37): warning C4244: 'argumento': conversión de 'float' a 'int'; posible pérdida de datos
E:\Users\Matias\Documents\Image Campus\Segundo Cuatrimestre\Practica Profesional I Desarrollo de Videojuegos I\FlappyBird_Pierpaoli_Matias\FlappyBird\game.cpp(238,21): warning C4244: 'argumento': conversión de 'float' a 'int'; posible pérdida de datos
E:\Users\Matias\Documents\Image Campus\Segundo Cuatrimestre\Practica Profesional I Desarrollo de Videojuegos I\FlappyBird_Pierpaoli_Matias\FlappyBird\game.cpp(239,37): warning C4244: 'argumento': conversión de 'float' a 'int'; posible pérdida de datos
E:\Users\Matias\Documents\Image Campus\Segundo Cuatrimestre\Practica Profesional I Desarrollo de Videojuegos I\FlappyBird_Pierpaoli_Matias\FlappyBird\game.cpp(239,21): warning C4244: 'argumento': conversión de 'float' a 'int'; posible pérdida de datos
E:\Users\Matias\Documents\Image Campus\Segundo Cuatrimestre\Practica Profesional I Desarrollo de Videojuegos I\FlappyBird_Pierpaoli_Matias\FlappyBird\game.cpp(282,36): warning C4244: '=': conversión de 'int' a 'float'; posible pérdida de datos
E:\Users\Matias\Documents\Image Campus\Segundo Cuatrimestre\Practica Profesional I Desarrollo de Videojuegos I\FlappyBird_Pierpaoli_Matias\FlappyBird\game.cpp(288,49): warning C4244: '=': conversión de 'int' a 'float'; posible pérdida de datos
E:\Users\Matias\Documents\Image Campus\Segundo Cuatrimestre\Practica Profesional I Desarrollo de Videojuegos I\FlappyBird_Pierpaoli_Matias\FlappyBird\game.cpp(299,36): warning C4244: '=': conversión de 'int' a 'float'; posible pérdida de datos
E:\Users\Matias\Documents\Image Campus\Segundo Cuatrimestre\Practica Profesional I Desarrollo de Videojuegos I\FlappyBird_Pierpaoli_Matias\FlappyBird\game.cpp(305,49): warning C4244: '=': conversión de 'int' a 'float'; posible pérdida de datos
E:\Users\Matias\Documents\Image Campus\Segundo Cuatrimestre\Practica Profesional I Desarrollo de Videojuegos I\FlappyBird_Pierpaoli_Matias\FlappyBird\game.cpp(315,36): warning C4244: '=': conversión de 'int' a 'float'; posible pérdida de datos
E:\Users\Matias\Documents\Image Campus\Segundo Cuatrimestre\Practica Profesional I Desarrollo de Videojuegos I\FlappyBird_Pierpaoli_Matias\FlappyBird\game.cpp(321,51): warning C4244: '=': conversión de 'int' a 'float'; posible pérdida de datos
  main.cpp
  menu.cpp
E:\Users\Matias\Documents\Image Campus\Segundo Cuatrimestre\Practica Profesional I Desarrollo de Videojuegos I\FlappyBird_Pierpaoli_Matias\FlappyBird\menu.cpp(61,38): warning C4244: '=': conversión de 'double' a 'int'; posible pérdida de datos
E:\Users\Matias\Documents\Image Campus\Segundo Cuatrimestre\Practica Profesional I Desarrollo de Videojuegos I\FlappyBird_Pierpaoli_Matias\FlappyBird\menu.cpp(65,38): warning C4244: '=': conversión de 'double' a 'int'; posible pérdida de datos
E:\Users\Matias\Documents\Image Campus\Segundo Cuatrimestre\Practica Profesional I Desarrollo de Videojuegos I\FlappyBird_Pierpaoli_Matias\FlappyBird\menu.cpp(69,38): warning C4244: '=': conversión de 'double' a 'int'; posible pérdida de datos
E:\Users\Matias\Documents\Image Campus\Segundo Cuatrimestre\Practica Profesional I Desarrollo de Videojuegos I\FlappyBird_Pierpaoli_Matias\FlappyBird\menu.cpp(72,38): warning C4244: '=': conversión de 'double' a 'int'; posible pérdida de datos
E:\Users\Matias\Documents\Image Campus\Segundo Cuatrimestre\Practica Profesional I Desarrollo de Videojuegos I\FlappyBird_Pierpaoli_Matias\FlappyBird\menu.cpp(73,39): warning C4244: '=': conversión de 'double' a 'int'; posible pérdida de datos
E:\Users\Matias\Documents\Image Campus\Segundo Cuatrimestre\Practica Profesional I Desarrollo de Videojuegos I\FlappyBird_Pierpaoli_Matias\FlappyBird\menu.cpp(80,43): warning C4244: '=': conversión de 'int' a 'float'; posible pérdida de datos
E:\Users\Matias\Documents\Image Campus\Segundo Cuatrimestre\Practica Profesional I Desarrollo de Videojuegos I\FlappyBird_Pierpaoli_Matias\FlappyBird\menu.cpp(81,43): warning C4244: '=': conversión de 'int' a 'float'; posible pérdida de datos
E:\Users\Matias\Documents\Image Campus\Segundo Cuatrimestre\Practica Profesional I Desarrollo de Videojuegos I\FlappyBird_Pierpaoli_Matias\FlappyBird\menu.cpp(83,31): warning C4244: '=': conversión de 'double' a 'float'; posible pérdida de datos
E:\Users\Matias\Documents\Image Campus\Segundo Cuatrimestre\Practica Profesional I Desarrollo de Videojuegos I\FlappyBird_Pierpaoli_Matias\FlappyBird\menu.cpp(86,43): warning C4244: '=': conversión de 'int' a 'float'; posible pérdida de datos
E:\Users\Matias\Documents\Image Campus\Segundo Cuatrimestre\Practica Profesional I Desarrollo de Videojuegos I\FlappyBird_Pierpaoli_Matias\FlappyBird\menu.cpp(87,43): warning C4244: '=': conversión de 'int' a 'float'; posible pérdida de datos
E:\Users\Matias\Documents\Image Campus\Segundo Cuatrimestre\Practica Profesional I Desarrollo de Videojuegos I\FlappyBird_Pierpaoli_Matias\FlappyBird\menu.cpp(89,31): warning C4244: '=': conversión de 'double' a 'float'; posible pérdida de datos
E:\Users\Matias\Documents\Image Campus\Segundo Cuatrimestre\Practica Profesional I Desarrollo de Videojuegos I\FlappyBird_Pierpaoli_Matias\FlappyBird\menu.cpp(93,43): warning C4244: '=': conversión de 'int' a 'float'; posible pérdida de datos
E:\Users\Matias\Documents\Image Campus\Segundo Cuatrimestre\Practica Profesional I Desarrollo de Videojuegos I\FlappyBird_Pierpaoli_Matias\FlappyBird\menu.cpp(94,43): warning C4244: '=': conversión de 'int' a 'float'; posible pérdida de datos
E:\Users\Matias\Documents\Image Campus\Segundo Cuatrimestre\Practica Profesional I Desarrollo de Videojuegos I\FlappyBird_Pierpaoli_Matias\FlappyBird\menu.cpp(96,31): warning C4244: '=': conversión de 'double' a 'float'; posible pérdida de datos
LINK : fatal error C1047: El objeto o el archivo de biblioteca "E:\Users\Matias\Documents\Image Campus\Segundo Cuatrimestre\Practica Profesional I Desarrollo de Videojuegos I\FlappyBird_Pierpaoli_Matias\FlappyBird_Pierpaoli\lib\raylib-3.7.0_win32_msvc16\lib\raylib.lib" se creó con una versión del compilador distinta a la que se usó para otros objetos, como "E:\Users\Matias\Documents\Image Campus\Segundo Cuatrimestre\Practica Profesional I Desarrollo de Videojuegos I\FlappyBird_Pierpaoli_Matias\FlappyBird_Pierpaoli\\obj2\Win32\Release\app.obj". Debe recompilar todos los objetos y bibliotecas con el mismo compilador.
LINK : fatal error LNK1257: error de generación de código
