  app.cpp
E:\Users\Matias\Documents\Image Campus\Segundo Cuatrimestre\Practica Profesional I Desarrollo de Videojuegos I\FlappyBird_Pierpaoli_Matias\FlappyBird\app.cpp(85,13): warning C4244: 'argumento': conversión de 'time_t' a 'unsigned int'; posible pérdida de datos
  credits.cpp
E:\Users\Matias\Documents\Image Campus\Segundo Cuatrimestre\Practica Profesional I Desarrollo de Videojuegos I\FlappyBird_Pierpaoli_Matias\FlappyBird\credits.cpp(45,42): warning C4244: '=': conversión de 'float' a 'int'; posible pérdida de datos
E:\Users\Matias\Documents\Image Campus\Segundo Cuatrimestre\Practica Profesional I Desarrollo de Videojuegos I\FlappyBird_Pierpaoli_Matias\FlappyBird\credits.cpp(50,38): warning C4244: '=': conversión de 'double' a 'int'; posible pérdida de datos
E:\Users\Matias\Documents\Image Campus\Segundo Cuatrimestre\Practica Profesional I Desarrollo de Videojuegos I\FlappyBird_Pierpaoli_Matias\FlappyBird\credits.cpp(54,39): warning C4244: '=': conversión de 'double' a 'int'; posible pérdida de datos
E:\Users\Matias\Documents\Image Campus\Segundo Cuatrimestre\Practica Profesional I Desarrollo de Videojuegos I\FlappyBird_Pierpaoli_Matias\FlappyBird\credits.cpp(57,38): warning C4244: '=': conversión de 'double' a 'int'; posible pérdida de datos
E:\Users\Matias\Documents\Image Campus\Segundo Cuatrimestre\Practica Profesional I Desarrollo de Videojuegos I\FlappyBird_Pierpaoli_Matias\FlappyBird\credits.cpp(58,39): warning C4244: '=': conversión de 'double' a 'int'; posible pérdida de datos
E:\Users\Matias\Documents\Image Campus\Segundo Cuatrimestre\Practica Profesional I Desarrollo de Videojuegos I\FlappyBird_Pierpaoli_Matias\FlappyBird\credits.cpp(62,43): warning C4244: '=': conversión de 'int' a 'float'; posible pérdida de datos
E:\Users\Matias\Documents\Image Campus\Segundo Cuatrimestre\Practica Profesional I Desarrollo de Videojuegos I\FlappyBird_Pierpaoli_Matias\FlappyBird\credits.cpp(63,43): warning C4244: '=': conversión de 'int' a 'float'; posible pérdida de datos
E:\Users\Matias\Documents\Image Campus\Segundo Cuatrimestre\Practica Profesional I Desarrollo de Videojuegos I\FlappyBird_Pierpaoli_Matias\FlappyBird\credits.cpp(65,36): warning C4244: '=': conversión de 'double' a 'float'; posible pérdida de datos
  game.cpp
E:\Users\Matias\Documents\Image Campus\Segundo Cuatrimestre\Practica Profesional I Desarrollo de Videojuegos I\FlappyBird_Pierpaoli_Matias\FlappyBird\game.cpp(89,41): warning C4244: '=': conversión de 'int' a 'float'; posible pérdida de datos
E:\Users\Matias\Documents\Image Campus\Segundo Cuatrimestre\Practica Profesional I Desarrollo de Videojuegos I\FlappyBird_Pierpaoli_Matias\FlappyBird\game.cpp(90,42): warning C4244: '=': conversión de 'int' a 'float'; posible pérdida de datos
E:\Users\Matias\Documents\Image Campus\Segundo Cuatrimestre\Practica Profesional I Desarrollo de Videojuegos I\FlappyBird_Pierpaoli_Matias\FlappyBird\game.cpp(93,42): warning C4244: '=': conversión de 'int' a 'float'; posible pérdida de datos
E:\Users\Matias\Documents\Image Campus\Segundo Cuatrimestre\Practica Profesional I Desarrollo de Videojuegos I\FlappyBird_Pierpaoli_Matias\FlappyBird\game.cpp(97,42): warning C4244: '=': conversión de 'int' a 'float'; posible pérdida de datos
E:\Users\Matias\Documents\Image Campus\Segundo Cuatrimestre\Practica Profesional I Desarrollo de Videojuegos I\FlappyBird_Pierpaoli_Matias\FlappyBird\game.cpp(98,43): warning C4244: '=': conversión de 'double' a 'float'; posible pérdida de datos
E:\Users\Matias\Documents\Image Campus\Segundo Cuatrimestre\Practica Profesional I Desarrollo de Videojuegos I\FlappyBird_Pierpaoli_Matias\FlappyBird\game.cpp(101,42): warning C4244: '=': conversión de 'int' a 'float'; posible pérdida de datos
E:\Users\Matias\Documents\Image Campus\Segundo Cuatrimestre\Practica Profesional I Desarrollo de Videojuegos I\FlappyBird_Pierpaoli_Matias\FlappyBird\game.cpp(107,47): warning C4244: '=': conversión de 'int' a 'float'; posible pérdida de datos
E:\Users\Matias\Documents\Image Campus\Segundo Cuatrimestre\Practica Profesional I Desarrollo de Videojuegos I\FlappyBird_Pierpaoli_Matias\FlappyBird\game.cpp(108,46): warning C4244: '=': conversión de 'int' a 'float'; posible pérdida de datos
E:\Users\Matias\Documents\Image Campus\Segundo Cuatrimestre\Practica Profesional I Desarrollo de Videojuegos I\FlappyBird_Pierpaoli_Matias\FlappyBird\game.cpp(111,47): warning C4244: '=': conversión de 'int' a 'float'; posible pérdida de datos
E:\Users\Matias\Documents\Image Campus\Segundo Cuatrimestre\Practica Profesional I Desarrollo de Videojuegos I\FlappyBird_Pierpaoli_Matias\FlappyBird\game.cpp(112,46): warning C4244: '=': conversión de 'int' a 'float'; posible pérdida de datos
E:\Users\Matias\Documents\Image Campus\Segundo Cuatrimestre\Practica Profesional I Desarrollo de Videojuegos I\FlappyBird_Pierpaoli_Matias\FlappyBird\game.cpp(119,43): warning C4244: '=': conversión de 'int' a 'float'; posible pérdida de datos
E:\Users\Matias\Documents\Image Campus\Segundo Cuatrimestre\Practica Profesional I Desarrollo de Videojuegos I\FlappyBird_Pierpaoli_Matias\FlappyBird\game.cpp(120,43): warning C4244: '=': conversión de 'int' a 'float'; posible pérdida de datos
E:\Users\Matias\Documents\Image Campus\Segundo Cuatrimestre\Practica Profesional I Desarrollo de Videojuegos I\FlappyBird_Pierpaoli_Matias\FlappyBird\game.cpp(122,36): warning C4244: '=': conversión de 'double' a 'float'; posible pérdida de datos
E:\Users\Matias\Documents\Image Campus\Segundo Cuatrimestre\Practica Profesional I Desarrollo de Videojuegos I\FlappyBird_Pierpaoli_Matias\FlappyBird\game.cpp(124,21): warning C4244: '=': conversión de 'float' a 'int'; posible pérdida de datos
E:\Users\Matias\Documents\Image Campus\Segundo Cuatrimestre\Practica Profesional I Desarrollo de Videojuegos I\FlappyBird_Pierpaoli_Matias\FlappyBird\game.cpp(128,46): warning C4244: '=': conversión de 'int' a 'float'; posible pérdida de datos
E:\Users\Matias\Documents\Image Campus\Segundo Cuatrimestre\Practica Profesional I Desarrollo de Videojuegos I\FlappyBird_Pierpaoli_Matias\FlappyBird\game.cpp(197,58): warning C4244: 'argumento': conversión de 'int' a 'float'; posible pérdida de datos
E:\Users\Matias\Documents\Image Campus\Segundo Cuatrimestre\Practica Profesional I Desarrollo de Videojuegos I\FlappyBird_Pierpaoli_Matias\FlappyBird\game.cpp(223,60): warning C4244: 'argumento': conversión de 'int' a 'float'; posible pérdida de datos
E:\Users\Matias\Documents\Image Campus\Segundo Cuatrimestre\Practica Profesional I Desarrollo de Videojuegos I\FlappyBird_Pierpaoli_Matias\FlappyBird\game.cpp(223,50): warning C4244: 'argumento': conversión de 'float' a 'int'; posible pérdida de datos
E:\Users\Matias\Documents\Image Campus\Segundo Cuatrimestre\Practica Profesional I Desarrollo de Videojuegos I\FlappyBird_Pierpaoli_Matias\FlappyBird\game.cpp(223,31): warning C4244: 'argumento': conversión de 'float' a 'int'; posible pérdida de datos
E:\Users\Matias\Documents\Image Campus\Segundo Cuatrimestre\Practica Profesional I Desarrollo de Videojuegos I\FlappyBird_Pierpaoli_Matias\FlappyBird\game.cpp(226,83): warning C4244: 'argumento': conversión de 'float' a 'int'; posible pérdida de datos
E:\Users\Matias\Documents\Image Campus\Segundo Cuatrimestre\Practica Profesional I Desarrollo de Videojuegos I\FlappyBird_Pierpaoli_Matias\FlappyBird\game.cpp(226,63): warning C4244: 'argumento': conversión de 'float' a 'int'; posible pérdida de datos
E:\Users\Matias\Documents\Image Campus\Segundo Cuatrimestre\Practica Profesional I Desarrollo de Videojuegos I\FlappyBird_Pierpaoli_Matias\FlappyBird\game.cpp(226,47): warning C4244: 'argumento': conversión de 'float' a 'int'; posible pérdida de datos
E:\Users\Matias\Documents\Image Campus\Segundo Cuatrimestre\Practica Profesional I Desarrollo de Videojuegos I\FlappyBird_Pierpaoli_Matias\FlappyBird\game.cpp(226,31): warning C4244: 'argumento': conversión de 'float' a 'int'; posible pérdida de datos
E:\Users\Matias\Documents\Image Campus\Segundo Cuatrimestre\Practica Profesional I Desarrollo de Videojuegos I\FlappyBird_Pierpaoli_Matias\FlappyBird\game.cpp(227,83): warning C4244: 'argumento': conversión de 'float' a 'int'; posible pérdida de datos
E:\Users\Matias\Documents\Image Campus\Segundo Cuatrimestre\Practica Profesional I Desarrollo de Videojuegos I\FlappyBird_Pierpaoli_Matias\FlappyBird\game.cpp(227,63): warning C4244: 'argumento': conversión de 'float' a 'int'; posible pérdida de datos
E:\Users\Matias\Documents\Image Campus\Segundo Cuatrimestre\Practica Profesional I Desarrollo de Videojuegos I\FlappyBird_Pierpaoli_Matias\FlappyBird\game.cpp(227,47): warning C4244: 'argumento': conversión de 'float' a 'int'; posible pérdida de datos
E:\Users\Matias\Documents\Image Campus\Segundo Cuatrimestre\Practica Profesional I Desarrollo de Videojuegos I\FlappyBird_Pierpaoli_Matias\FlappyBird\game.cpp(227,31): warning C4244: 'argumento': conversión de 'float' a 'int'; posible pérdida de datos
E:\Users\Matias\Documents\Image Campus\Segundo Cuatrimestre\Practica Profesional I Desarrollo de Videojuegos I\FlappyBird_Pierpaoli_Matias\FlappyBird\game.cpp(231,36): warning C4244: 'argumento': conversión de 'float' a 'int'; posible pérdida de datos
E:\Users\Matias\Documents\Image Campus\Segundo Cuatrimestre\Practica Profesional I Desarrollo de Videojuegos I\FlappyBird_Pierpaoli_Matias\FlappyBird\game.cpp(231,21): warning C4244: 'argumento': conversión de 'float' a 'int'; posible pérdida de datos
E:\Users\Matias\Documents\Image Campus\Segundo Cuatrimestre\Practica Profesional I Desarrollo de Videojuegos I\FlappyBird_Pierpaoli_Matias\FlappyBird\game.cpp(237,37): warning C4244: 'argumento': conversión de 'float' a 'int'; posible pérdida de datos
E:\Users\Matias\Documents\Image Campus\Segundo Cuatrimestre\Practica Profesional I Desarrollo de Videojuegos I\FlappyBird_Pierpaoli_Matias\FlappyBird\game.cpp(237,21): warning C4244: 'argumento': conversión de 'float' a 'int'; posible pérdida de datos
E:\Users\Matias\Documents\Image Campus\Segundo Cuatrimestre\Practica Profesional I Desarrollo de Videojuegos I\FlappyBird_Pierpaoli_Matias\FlappyBird\game.cpp(238,37): warning C4244: 'argumento': conversión de 'float' a 'int'; posible pérdida de datos
E:\Users\Matias\Documents\Image Campus\Segundo Cuatrimestre\Practica Profesional I Desarrollo de Videojuegos I\FlappyBird_Pierpaoli_Matias\FlappyBird\game.cpp(238,21): warning C4244: 'argumento': conversión de 'float' a 'int'; posible pérdida de datos
E:\Users\Matias\Documents\Image Campus\Segundo Cuatrimestre\Practica Profesional I Desarrollo de Videojuegos I\FlappyBird_Pierpaoli_Matias\FlappyBird\game.cpp(239,37): warning C4244: 'argumento': conversión de 'float' a 'int'; posible pérdida de datos
E:\Users\Matias\Documents\Image Campus\Segundo Cuatrimestre\Practica Profesional I Desarrollo de Videojuegos I\FlappyBird_Pierpaoli_Matias\FlappyBird\game.cpp(239,21): warning C4244: 'argumento': conversión de 'float' a 'int'; posible pérdida de datos
E:\Users\Matias\Documents\Image Campus\Segundo Cuatrimestre\Practica Profesional I Desarrollo de Videojuegos I\FlappyBird_Pierpaoli_Matias\FlappyBird\game.cpp(282,36): warning C4244: '=': conversión de 'int' a 'float'; posible pérdida de datos
E:\Users\Matias\Documents\Image Campus\Segundo Cuatrimestre\Practica Profesional I Desarrollo de Videojuegos I\FlappyBird_Pierpaoli_Matias\FlappyBird\game.cpp(288,49): warning C4244: '=': conversión de 'int' a 'float'; posible pérdida de datos
E:\Users\Matias\Documents\Image Campus\Segundo Cuatrimestre\Practica Profesional I Desarrollo de Videojuegos I\FlappyBird_Pierpaoli_Matias\FlappyBird\game.cpp(299,36): warning C4244: '=': conversión de 'int' a 'float'; posible pérdida de datos
E:\Users\Matias\Documents\Image Campus\Segundo Cuatrimestre\Practica Profesional I Desarrollo de Videojuegos I\FlappyBird_Pierpaoli_Matias\FlappyBird\game.cpp(305,49): warning C4244: '=': conversión de 'int' a 'float'; posible pérdida de datos
E:\Users\Matias\Documents\Image Campus\Segundo Cuatrimestre\Practica Profesional I Desarrollo de Videojuegos I\FlappyBird_Pierpaoli_Matias\FlappyBird\game.cpp(315,36): warning C4244: '=': conversión de 'int' a 'float'; posible pérdida de datos
E:\Users\Matias\Documents\Image Campus\Segundo Cuatrimestre\Practica Profesional I Desarrollo de Videojuegos I\FlappyBird_Pierpaoli_Matias\FlappyBird\game.cpp(321,51): warning C4244: '=': conversión de 'int' a 'float'; posible pérdida de datos
  main.cpp
  menu.cpp
E:\Users\Matias\Documents\Image Campus\Segundo Cuatrimestre\Practica Profesional I Desarrollo de Videojuegos I\FlappyBird_Pierpaoli_Matias\FlappyBird\menu.cpp(61,38): warning C4244: '=': conversión de 'double' a 'int'; posible pérdida de datos
E:\Users\Matias\Documents\Image Campus\Segundo Cuatrimestre\Practica Profesional I Desarrollo de Videojuegos I\FlappyBird_Pierpaoli_Matias\FlappyBird\menu.cpp(65,38): warning C4244: '=': conversión de 'double' a 'int'; posible pérdida de datos
E:\Users\Matias\Documents\Image Campus\Segundo Cuatrimestre\Practica Profesional I Desarrollo de Videojuegos I\FlappyBird_Pierpaoli_Matias\FlappyBird\menu.cpp(69,38): warning C4244: '=': conversión de 'double' a 'int'; posible pérdida de datos
E:\Users\Matias\Documents\Image Campus\Segundo Cuatrimestre\Practica Profesional I Desarrollo de Videojuegos I\FlappyBird_Pierpaoli_Matias\FlappyBird\menu.cpp(72,38): warning C4244: '=': conversión de 'double' a 'int'; posible pérdida de datos
E:\Users\Matias\Documents\Image Campus\Segundo Cuatrimestre\Practica Profesional I Desarrollo de Videojuegos I\FlappyBird_Pierpaoli_Matias\FlappyBird\menu.cpp(73,39): warning C4244: '=': conversión de 'double' a 'int'; posible pérdida de datos
E:\Users\Matias\Documents\Image Campus\Segundo Cuatrimestre\Practica Profesional I Desarrollo de Videojuegos I\FlappyBird_Pierpaoli_Matias\FlappyBird\menu.cpp(80,43): warning C4244: '=': conversión de 'int' a 'float'; posible pérdida de datos
E:\Users\Matias\Documents\Image Campus\Segundo Cuatrimestre\Practica Profesional I Desarrollo de Videojuegos I\FlappyBird_Pierpaoli_Matias\FlappyBird\menu.cpp(81,43): warning C4244: '=': conversión de 'int' a 'float'; posible pérdida de datos
E:\Users\Matias\Documents\Image Campus\Segundo Cuatrimestre\Practica Profesional I Desarrollo de Videojuegos I\FlappyBird_Pierpaoli_Matias\FlappyBird\menu.cpp(83,31): warning C4244: '=': conversión de 'double' a 'float'; posible pérdida de datos
E:\Users\Matias\Documents\Image Campus\Segundo Cuatrimestre\Practica Profesional I Desarrollo de Videojuegos I\FlappyBird_Pierpaoli_Matias\FlappyBird\menu.cpp(86,43): warning C4244: '=': conversión de 'int' a 'float'; posible pérdida de datos
E:\Users\Matias\Documents\Image Campus\Segundo Cuatrimestre\Practica Profesional I Desarrollo de Videojuegos I\FlappyBird_Pierpaoli_Matias\FlappyBird\menu.cpp(87,43): warning C4244: '=': conversión de 'int' a 'float'; posible pérdida de datos
E:\Users\Matias\Documents\Image Campus\Segundo Cuatrimestre\Practica Profesional I Desarrollo de Videojuegos I\FlappyBird_Pierpaoli_Matias\FlappyBird\menu.cpp(89,31): warning C4244: '=': conversión de 'double' a 'float'; posible pérdida de datos
E:\Users\Matias\Documents\Image Campus\Segundo Cuatrimestre\Practica Profesional I Desarrollo de Videojuegos I\FlappyBird_Pierpaoli_Matias\FlappyBird\menu.cpp(93,43): warning C4244: '=': conversión de 'int' a 'float'; posible pérdida de datos
E:\Users\Matias\Documents\Image Campus\Segundo Cuatrimestre\Practica Profesional I Desarrollo de Videojuegos I\FlappyBird_Pierpaoli_Matias\FlappyBird\menu.cpp(94,43): warning C4244: '=': conversión de 'int' a 'float'; posible pérdida de datos
E:\Users\Matias\Documents\Image Campus\Segundo Cuatrimestre\Practica Profesional I Desarrollo de Videojuegos I\FlappyBird_Pierpaoli_Matias\FlappyBird\menu.cpp(96,31): warning C4244: '=': conversión de 'double' a 'float'; posible pérdida de datos
  Generando código...
  raylib.lib(core.obj) : se encontró .netmodule MSIL o un módulo compilado con /GL; reiniciando la vinculación con /LTCG; agregue /LTCG a la línea de comandos de vínculo para mejorar el rendimiento del vinculador
LINK : warning LNK4075: se omite '/INCREMENTAL' debido a la especificación '/LTCG'
LINK : warning LNK4098: la biblioteca predeterminada'MSVCRT' entra en conflicto con otras bibliotecas; use la biblioteca /NODEFAULTLIB:biblioteca
  Generando código
  Generación de código finalizada
raylib.lib(core.obj) : warning LNK4099: no se encontró PDB 'raylib.pdb' con 'raylib.lib(core.obj)' o en 'E:\Users\Matias\Documents\Image Campus\Segundo Cuatrimestre\Practica Profesional I Desarrollo de Videojuegos I\FlappyBird_Pierpaoli_Matias\FlappyBird_Pierpaoli\bin2\Win32\Debug\raylib.pdb'; se vinculará el objeto sin tener en cuenta información de depuración
raylib.lib(shapes.obj) : warning LNK4099: no se encontró PDB 'raylib.pdb' con 'raylib.lib(shapes.obj)' o en 'E:\Users\Matias\Documents\Image Campus\Segundo Cuatrimestre\Practica Profesional I Desarrollo de Videojuegos I\FlappyBird_Pierpaoli_Matias\FlappyBird_Pierpaoli\bin2\Win32\Debug\raylib.pdb'; se vinculará el objeto sin tener en cuenta información de depuración
raylib.lib(text.obj) : warning LNK4099: no se encontró PDB 'raylib.pdb' con 'raylib.lib(text.obj)' o en 'E:\Users\Matias\Documents\Image Campus\Segundo Cuatrimestre\Practica Profesional I Desarrollo de Videojuegos I\FlappyBird_Pierpaoli_Matias\FlappyBird_Pierpaoli\bin2\Win32\Debug\raylib.pdb'; se vinculará el objeto sin tener en cuenta información de depuración
raylib.lib(rglfw.obj) : warning LNK4099: no se encontró PDB 'raylib.pdb' con 'raylib.lib(rglfw.obj)' o en 'E:\Users\Matias\Documents\Image Campus\Segundo Cuatrimestre\Practica Profesional I Desarrollo de Videojuegos I\FlappyBird_Pierpaoli_Matias\FlappyBird_Pierpaoli\bin2\Win32\Debug\raylib.pdb'; se vinculará el objeto sin tener en cuenta información de depuración
raylib.lib(utils.obj) : warning LNK4099: no se encontró PDB 'raylib.pdb' con 'raylib.lib(utils.obj)' o en 'E:\Users\Matias\Documents\Image Campus\Segundo Cuatrimestre\Practica Profesional I Desarrollo de Videojuegos I\FlappyBird_Pierpaoli_Matias\FlappyBird_Pierpaoli\bin2\Win32\Debug\raylib.pdb'; se vinculará el objeto sin tener en cuenta información de depuración
raylib.lib(textures.obj) : warning LNK4099: no se encontró PDB 'raylib.pdb' con 'raylib.lib(textures.obj)' o en 'E:\Users\Matias\Documents\Image Campus\Segundo Cuatrimestre\Practica Profesional I Desarrollo de Videojuegos I\FlappyBird_Pierpaoli_Matias\FlappyBird_Pierpaoli\bin2\Win32\Debug\raylib.pdb'; se vinculará el objeto sin tener en cuenta información de depuración
  FlappyBird_Pierpaoli.vcxproj -> E:\Users\Matias\Documents\Image Campus\Segundo Cuatrimestre\Practica Profesional I Desarrollo de Videojuegos I\FlappyBird_Pierpaoli_Matias\FlappyBird_Pierpaoli\bin2\Win32\Debug\FlappyBird_Pierpaoli.exe
